
2024/01/04 (10:52:00) | ===> btop++ v.1.2.13
2024/01/04 (10:52:00) | WARNING: No UTF-8 locale detected! Some symbols might not display correctly.

2024/01/04 (11:00:34) | ===> btop++ v.1.2.13
2024/01/04 (11:00:34) | WARNING: No UTF-8 locale detected! Some symbols might not display correctly.

2024/01/04 (11:00:49) | ===> btop++ v.1.2.13
2024/01/04 (11:00:49) | WARNING: No UTF-8 locale detected! Some symbols might not display correctly.

2024/03/11 (09:08:02) | ===> btop++ v.1.2.13
2024/03/11 (09:08:02) | WARNING: No UTF-8 locale detected! Some symbols might not display correctly.
2024/03/11 (09:08:57) | ERROR: Exception in main loop -> Input::process("o") : filesystem error: directory iterator cannot open directory: No such file or directory [/opt/homebrew/Cellar/btop/1.2.13/share/btop/themes]

2024/03/11 (09:10:18) | ===> btop++ v.1.3.2
2024/03/11 (09:10:18) | WARNING: Failed to set locale UTF-8 continuing anyway.

2024/03/11 (09:23:16) | ===> btop++ v.1.3.2
2024/03/11 (09:23:16) | WARNING: Failed to set locale UTF-8 continuing anyway.

2024/03/11 (12:56:37) | ===> btop++ v.1.3.2
2024/03/11 (12:56:37) | WARNING: Failed to set locale UTF-8 continuing anyway.
2024/03/11 (15:18:35) | ERROR: Stall in Runner thread, restarting!
2024/03/11 (15:18:50) | ERROR: Stall in Runner thread, restarting!
2024/03/11 (16:21:25) | ERROR: Stall in Runner thread, restarting!
2024/03/11 (21:35:23) | ERROR: Stall in Runner thread, restarting!
2024/03/12 (11:07:37) | ERROR: Stall in Runner thread, restarting!
2024/03/12 (13:15:30) | ERROR: Stall in Runner thread, restarting!
2024/03/13 (14:16:32) | ERROR: Stall in Runner thread, restarting!
2024/03/13 (14:16:47) | ERROR: Stall in Runner thread, restarting!

2024/03/19 (09:58:46) | ===> btop++ v.1.3.2
2024/03/19 (09:58:46) | WARNING: Failed to set locale UTF-8 continuing anyway.

2024/03/19 (13:42:35) | ===> btop++ v.1.3.2
2024/03/19 (13:42:35) | WARNING: Failed to set locale UTF-8 continuing anyway.
2024/03/19 (13:43:02) | ERROR: Stall in Runner thread, restarting!

2024/04/02 (11:09:49) | ===> btop++ v.1.3.2
2024/04/02 (11:09:49) | WARNING: Failed to set locale UTF-8 continuing anyway.

2024/04/02 (11:10:06) | ===> btop++ v.1.3.2
2024/04/02 (11:10:06) | WARNING: Failed to set locale UTF-8 continuing anyway.

2024/04/02 (15:58:55) | ===> btop++ v.1.3.2
2024/04/02 (15:58:55) | WARNING: Failed to set locale UTF-8 continuing anyway.

2024/04/02 (16:13:11) | ===> btop++ v.1.3.2
2024/04/02 (16:13:11) | WARNING: Failed to set locale UTF-8 continuing anyway.

2024/04/05 (12:02:11) | ===> btop++ v.1.3.2
2024/04/05 (12:02:11) | WARNING: Failed to set locale UTF-8 continuing anyway.

2024/04/05 (12:25:41) | ===> btop++ v.1.3.2
2024/04/05 (12:25:41) | WARNING: Failed to set locale UTF-8 continuing anyway.

2024/04/21 (04:11:00) | ===> btop++ v.1.3.2
2024/04/21 (04:11:00) | WARNING: Failed to set locale UTF-8 continuing anyway.

2024/04/23 (10:51:27) | ===> btop++ v.1.3.2
2024/04/23 (10:51:27) | WARNING: Failed to set locale UTF-8 continuing anyway.

2024/06/03 (08:57:31) | ===> btop++ v.1.3.2
2024/06/03 (08:57:31) | ERROR: Stall in Runner thread, restarting!
2024/06/03 (11:13:02) | ERROR: Stall in Runner thread, restarting!
2024/06/03 (13:49:17) | ERROR: Stall in Runner thread, restarting!
2024/06/06 (19:57:03) | ERROR: Stall in Runner thread, restarting!
2024/06/07 (01:36:58) | ERROR: Stall in Runner thread, restarting!
2024/06/11 (22:06:46) | ERROR: Stall in Runner thread, restarting!
2024/06/11 (22:06:57) | ERROR: Stall in Runner thread, restarting!
2024/06/11 (22:07:14) | ERROR: Stall in Runner thread, restarting!
2024/06/19 (18:24:23) | ERROR: Stall in Runner thread, restarting!
2024/06/21 (17:08:10) | ERROR: Stall in Runner thread, restarting!
2024/06/24 (09:01:57) | ERROR: Stall in Runner thread, restarting!
2024/06/24 (09:05:14) | ERROR: Stall in Runner thread, restarting!

2024/07/02 (09:28:27) | ===> btop++ v.1.3.2
2024/07/02 (09:28:27) | ERROR: Stall in Runner thread, restarting!
2024/07/02 (09:28:33) | ERROR: Stall in Runner thread, restarting!
2024/07/03 (13:28:49) | ERROR: Stall in Runner thread, restarting!
2024/07/03 (18:17:02) | ERROR: Stall in Runner thread, restarting!

2024/07/08 (08:57:20) | ===> btop++ v.1.3.2
2024/07/08 (08:57:20) | ERROR: Stall in Runner thread, restarting!
2024/07/10 (14:12:20) | ERROR: Stall in Runner thread, restarting!
2024/07/16 (12:23:12) | ERROR: Stall in Runner thread, restarting!
2024/07/26 (03:40:06) | ERROR: Stall in Runner thread, restarting!
2024/07/28 (11:48:17) | ERROR: failed getting network interfaces
2024/07/29 (18:02:00) | ERROR: Stall in Runner thread, restarting!
2024/07/29 (18:02:11) | ERROR: Stall in Runner thread, restarting!
2024/07/29 (18:02:29) | ERROR: Stall in Runner thread, restarting!
2024/07/29 (18:02:48) | ERROR: Stall in Runner thread, restarting!
2024/07/30 (09:29:33) | ERROR: Stall in Runner thread, restarting!
2024/08/04 (21:45:20) | ERROR: failed getting network interfaces
2024/08/05 (08:55:36) | ERROR: Stall in Runner thread, restarting!
2024/08/05 (12:38:00) | ERROR: Stall in Runner thread, restarting!
2024/08/05 (16:40:44) | ERROR: Stall in Runner thread, restarting!
2024/08/05 (16:51:04) | ERROR: Stall in Runner thread, restarting!
2024/08/05 (18:05:37) | ERROR: Stall in Runner thread, restarting!
2024/08/06 (08:57:09) | ERROR: Stall in Runner thread, restarting!
2024/08/06 (17:52:02) | ERROR: Stall in Runner thread, restarting!
2024/08/07 (08:18:33) | ERROR: Stall in Runner thread, restarting!
2024/08/07 (08:26:16) | ERROR: Stall in Runner thread, restarting!
2024/08/07 (09:01:17) | ERROR: Stall in Runner thread, restarting!
